# JRE version: OpenJDK Runtime Environment (22.0.1+8) (build 22.0.1+8-16)
# Java VM: OpenJDK 64-Bit Server VM (22.0.1+8-16, mixed mode, sharing, tiered, compressed oops, compressed class ptrs, g1 gc, windows-amd64)
GC Precious Log:
 CardTable entry size: 512
 Card Set container configuration: InlinePtr #cards 5 size 8 Array Of Cards #cards 12 size 40 Howl #buckets 4 coarsen threshold 1843 Howl Bitmap #cards 512 size 80 coarsen threshold 460 Card regions per heap region 1 cards per card region 2048
 CPUs: 2 total, 2 available
 Memory: 3858M
 Large Page Support: Disabled
 NUMA Support: Disabled
 Compressed Oops: Enabled (32-bit)
 Heap Region Size: 1M
 Heap Min Capacity: 8M
 Heap Initial Capacity: 62M
 Heap Max Capacity: 966M
 Pre-touch: Disabled
 Parallel Workers: 2
 Concurrent Workers: 1
 Concurrent Refinement Workers: 2
 Periodic GC: Disabled
Heap:
 garbage-first heap   total reserved 989184K, committed 34816K, used 25679K [0x00000000c3a00000, 0x0000000100000000)
  region size 1024K, 16 young (16384K), 1 survivors (1024K)
 Metaspace       used 22350K, committed 22784K, reserved 1114112K
  class space    used 2694K, committed 2880K, reserved 1048576K
GC Heap History (20 events):
Event: 8.626 GC heap before
{Heap before GC invocations=0 (full 0):
 garbage-first heap   total reserved 989184K, committed 63488K, used 7168K [0x00000000c3a00000, 0x0000000100000000)
  region size 1024K, 7 young (7168K), 0 survivors (0K)
 Metaspace       used 1607K, committed 1920K, reserved 1114112K
  class space    used 173K, committed 320K, reserved 1048576K
}
Event: 9.075 GC heap after
{Heap after GC invocations=1 (full 0):
 garbage-first heap   total reserved 989184K, committed 63488K, used 1340K [0x00000000c3a00000, 0x0000000100000000)
  region size 1024K, 1 young (1024K), 1 survivors (1024K)
 Metaspace       used 1607K, committed 1920K, reserved 1114112K
  class space    used 173K, committed 320K, reserved 1048576K
}
Event: 14.471 GC heap before
{Heap before GC invocations=1 (full 0):
 garbage-first heap   total reserved 989184K, committed 63488K, used 8508K [0x00000000c3a00000, 0x0000000100000000)
  region size 1024K, 8 young (8192K), 1 survivors (1024K)
 Metaspace       used 1962K, committed 2176K, reserved 1114112K
  class space    used 195K, committed 320K, reserved 1048576K
}
Event: 14.484 GC heap after
{Heap after GC invocations=2 (full 0):
 garbage-first heap   total reserved 989184K, committed 63488K, used 2147K [0x00000000c3a00000, 0x0000000100000000)
  region size 1024K, 1 young (1024K), 1 survivors (1024K)
 Metaspace       used 1962K, committed 2176K, reserved 1114112K
  class space    used 195K, committed 320K, reserved 1048576K
}
Event: 26.773 GC heap before
{Heap before GC invocations=2 (full 0):
 garbage-first heap   total reserved 989184K, committed 63488K, used 15459K [0x00000000c3a00000, 0x0000000100000000)
  region size 1024K, 14 young (14336K), 1 survivors (1024K)
 Metaspace       used 4142K, committed 4480K, reserved 1114112K
  class space    used 447K, committed 576K, reserved 1048576K
}
Event: 26.783 GC heap after
{Heap after GC invocations=3 (full 0):
 garbage-first heap   total reserved 989184K, committed 63488K, used 2946K [0x00000000c3a00000, 0x0000000100000000)
  region size 1024K, 2 young (2048K), 2 survivors (2048K)
 Metaspace       used 4142K, committed 4480K, reserved 1114112K
  class space    used 447K, committed 576K, reserved 1048576K
}
Event: 37.400 GC heap before
{Heap before GC invocations=3 (full 0):
 garbage-first heap   total reserved 989184K, committed 63488K, used 38786K [0x00000000c3a00000, 0x0000000100000000)
  region size 1024K, 37 young (37888K), 2 survivors (2048K)
 Metaspace       used 8542K, committed 8832K, reserved 1114112K
  class space    used 1061K, committed 1216K, reserved 1048576K
}
Event: 37.415 GC heap after
{Heap after GC invocations=4 (full 0):
 garbage-first heap   total reserved 989184K, committed 63488K, used 4427K [0x00000000c3a00000, 0x0000000100000000)
  region size 1024K, 3 young (3072K), 3 survivors (3072K)
 Metaspace       used 8542K, committed 8832K, reserved 1114112K
  class space    used 1061K, committed 1216K, reserved 1048576K
}
Event: 54.206 GC heap before
{Heap before GC invocations=4 (full 0):
 garbage-first heap   total reserved 989184K, committed 63488K, used 39243K [0x00000000c3a00000, 0x0000000100000000)
  region size 1024K, 37 young (37888K), 3 survivors (3072K)
 Metaspace       used 12646K, committed 12928K, reserved 1114112K
  class space    used 1605K, committed 1728K, reserved 1048576K
}
Event: 54.229 GC heap after
{Heap after GC invocations=5 (full 0):
 garbage-first heap   total reserved 989184K, committed 63488K, used 5805K [0x00000000c3a00000, 0x0000000100000000)
  region size 1024K, 4 young (4096K), 4 survivors (4096K)
 Metaspace       used 12646K, committed 12928K, reserved 1114112K
  class space    used 1605K, committed 1728K, reserved 1048576K
}
Event: 75.478 GC heap before
{Heap before GC invocations=5 (full 0):
 garbage-first heap   total reserved 989184K, committed 63488K, used 39597K [0x00000000c3a00000, 0x0000000100000000)
  region size 1024K, 37 young (37888K), 4 survivors (4096K)
 Metaspace       used 14667K, committed 15040K, reserved 1114112K
  class space    used 1822K, committed 1984K, reserved 1048576K
}
Event: 75.510 GC heap after
{Heap after GC invocations=6 (full 0):
 garbage-first heap   total reserved 989184K, committed 63488K, used 7230K [0x00000000c3a00000, 0x0000000100000000)
  region size 1024K, 5 young (5120K), 5 survivors (5120K)
 Metaspace       used 14667K, committed 15040K, reserved 1114112K
  class space    used 1822K, committed 1984K, reserved 1048576K
}
Event: 88.317 GC heap before
{Heap before GC invocations=6 (full 0):
 garbage-first heap   total reserved 989184K, committed 63488K, used 39998K [0x00000000c3a00000, 0x0000000100000000)
  region size 1024K, 37 young (37888K), 5 survivors (5120K)
 Metaspace       used 19060K, committed 19456K, reserved 1114112K
  class space    used 2310K, committed 2496K, reserved 1048576K
}
Event: 88.333 GC heap after
{Heap after GC invocations=7 (full 0):
 garbage-first heap   total reserved 989184K, committed 63488K, used 8682K [0x00000000c3a00000, 0x0000000100000000)
  region size 1024K, 4 young (4096K), 4 survivors (4096K)
 Metaspace       used 19060K, committed 19456K, reserved 1114112K
  class space    used 2310K, committed 2496K, reserved 1048576K
}
Event: 90.253 GC heap before
{Heap before GC invocations=7 (full 0):
 garbage-first heap   total reserved 989184K, committed 63488K, used 20970K [0x00000000c3a00000, 0x0000000100000000)
  region size 1024K, 17 young (17408K), 4 survivors (4096K)
 Metaspace       used 21086K, committed 21504K, reserved 1114112K
  class space    used 2549K, committed 2752K, reserved 1048576K
}
Event: 90.273 GC heap after
{Heap after GC invocations=8 (full 0):
 garbage-first heap   total reserved 989184K, committed 63488K, used 9423K [0x00000000c3a00000, 0x0000000100000000)
  region size 1024K, 3 young (3072K), 3 survivors (3072K)
 Metaspace       used 21086K, committed 21504K, reserved 1114112K
  class space    used 2549K, committed 2752K, reserved 1048576K
}
Event: 96.579 GC heap before
{Heap before GC invocations=9 (full 0):
 garbage-first heap   total reserved 989184K, committed 34816K, used 26831K [0x00000000c3a00000, 0x0000000100000000)
  region size 1024K, 20 young (20480K), 3 survivors (3072K)
 Metaspace       used 22147K, committed 22592K, reserved 1114112K
  class space    used 2669K, committed 2880K, reserved 1048576K
}
Event: 96.601 GC heap after
{Heap after GC invocations=10 (full 0):
 garbage-first heap   total reserved 989184K, committed 34816K, used 11216K [0x00000000c3a00000, 0x0000000100000000)
  region size 1024K, 3 young (3072K), 3 survivors (3072K)
 Metaspace       used 22147K, committed 22592K, reserved 1114112K
  class space    used 2669K, committed 2880K, reserved 1048576K
}
Event: 97.280 GC heap before
{Heap before GC invocations=10 (full 0):
 garbage-first heap   total reserved 989184K, committed 34816K, used 27600K [0x00000000c3a00000, 0x0000000100000000)
  region size 1024K, 19 young (19456K), 3 survivors (3072K)
 Metaspace       used 22152K, committed 22592K, reserved 1114112K
  class space    used 2669K, committed 2880K, reserved 1048576K
}
Event: 97.294 GC heap after
{Heap after GC invocations=11 (full 0):
 garbage-first heap   total reserved 989184K, committed 34816K, used 11343K [0x00000000c3a00000, 0x0000000100000000)
  region size 1024K, 1 young (1024K), 1 survivors (1024K)
 Metaspace       used 22152K, committed 22592K, reserved 1114112K
  class space    used 2669K, committed 2880K, reserved 1048576K
}

